# JRE version: Java(TM) SE Runtime Environment (8.0_161-b12) (build 1.8.0_161-b12)
# Java VM: Java HotSpot(TM) 64-Bit Server VM (25.161-b12 mixed mode windows-amd64 compressed oops)
Heap:
 PSYoungGen      total 212992K, used 55759K [0x0000000780f00000, 0x0000000791c00000, 0x00000007c0000000)
  eden space 201728K, 22% used [0x0000000780f00000,0x0000000783ae9c30,0x000000078d400000)
  from space 11264K, 95% used [0x0000000791100000,0x0000000791b8a1f0,0x0000000791c00000)
  to   space 17920K, 0% used [0x000000078f900000,0x000000078f900000,0x0000000790a80000)
 ParOldGen       total 143872K, used 24420K [0x0000000702c00000, 0x000000070b880000, 0x0000000780f00000)
  object space 143872K, 16% used [0x0000000702c00000,0x00000007043d9320,0x000000070b880000)
 Metaspace       used 46845K, capacity 47384K, committed 47784K, reserved 1091584K
  class space    used 5631K, capacity 5750K, committed 5800K, reserved 1048576K
GC Heap History (10 events):
Event: 9.902 GC heap before
{Heap before GC invocations=8 (full 1):
 PSYoungGen      total 155136K, used 95782K [0x0000000780f00000, 0x000000078b980000, 0x00000007c0000000)
  eden space 142848K, 58% used [0x0000000780f00000,0x0000000786089b20,0x0000000789a80000)
  from space 12288K, 99% used [0x000000078a900000,0x000000078b4ffd30,0x000000078b500000)
  to   space 14848K, 0% used [0x0000000789a80000,0x0000000789a80000,0x000000078a900000)
 ParOldGen       total 86016K, used 15587K [0x0000000702c00000, 0x0000000708000000, 0x0000000780f00000)
  object space 86016K, 18% used [0x0000000702c00000,0x0000000703b38ec0,0x0000000708000000)
 Metaspace       used 34831K, capacity 35282K, committed 35496K, reserved 1081344K
  class space    used 4377K, capacity 4511K, committed 4520K, reserved 1048576K
Event: 9.928 GC heap after
Heap after GC invocations=8 (full 1):
 PSYoungGen      total 157696K, used 14845K [0x0000000780f00000, 0x0000000790500000, 0x00000007c0000000)
  eden space 142848K, 0% used [0x0000000780f00000,0x0000000780f00000,0x0000000789a80000)
  from space 14848K, 99% used [0x0000000789a80000,0x000000078a8ff5b8,0x000000078a900000)
  to   space 18432K, 0% used [0x000000078f300000,0x000000078f300000,0x0000000790500000)
 ParOldGen       total 86016K, used 18591K [0x0000000702c00000, 0x0000000708000000, 0x0000000780f00000)
  object space 86016K, 21% used [0x0000000702c00000,0x0000000703e27e00,0x0000000708000000)
 Metaspace       used 34831K, capacity 35282K, committed 35496K, reserved 1081344K
  class space    used 4377K, capacity 4511K, committed 4520K, reserved 1048576K
}
Event: 9.929 GC heap before
{Heap before GC invocations=9 (full 2):
 PSYoungGen      total 157696K, used 14845K [0x0000000780f00000, 0x0000000790500000, 0x00000007c0000000)
  eden space 142848K, 0% used [0x0000000780f00000,0x0000000780f00000,0x0000000789a80000)
  from space 14848K, 99% used [0x0000000789a80000,0x000000078a8ff5b8,0x000000078a900000)
  to   space 18432K, 0% used [0x000000078f300000,0x000000078f300000,0x0000000790500000)
 ParOldGen       total 86016K, used 18591K [0x0000000702c00000, 0x0000000708000000, 0x0000000780f00000)
  object space 86016K, 21% used [0x0000000702c00000,0x0000000703e27e00,0x0000000708000000)
 Metaspace       used 34831K, capacity 35282K, committed 35496K, reserved 1081344K
  class space    used 4377K, capacity 4511K, committed 4520K, reserved 1048576K
Event: 10.053 GC heap after
Heap after GC invocations=9 (full 2):
 PSYoungGen      total 157696K, used 0K [0x0000000780f00000, 0x0000000790500000, 0x00000007c0000000)
  eden space 142848K, 0% used [0x0000000780f00000,0x0000000780f00000,0x0000000789a80000)
  from space 14848K, 0% used [0x0000000789a80000,0x0000000789a80000,0x000000078a900000)
  to   space 18432K, 0% used [0x000000078f300000,0x000000078f300000,0x0000000790500000)
 ParOldGen       total 143872K, used 24396K [0x0000000702c00000, 0x000000070b880000, 0x0000000780f00000)
  object space 143872K, 16% used [0x0000000702c00000,0x00000007043d3320,0x000000070b880000)
 Metaspace       used 34767K, capacity 35180K, committed 35496K, reserved 1081344K
  class space    used 4367K, capacity 4494K, committed 4520K, reserved 1048576K
}
Event: 12.671 GC heap before
{Heap before GC invocations=10 (full 2):
 PSYoungGen      total 157696K, used 142848K [0x0000000780f00000, 0x0000000790500000, 0x00000007c0000000)
  eden space 142848K, 100% used [0x0000000780f00000,0x0000000789a80000,0x0000000789a80000)
  from space 14848K, 0% used [0x0000000789a80000,0x0000000789a80000,0x000000078a900000)
  to   space 18432K, 0% used [0x000000078f300000,0x000000078f300000,0x0000000790500000)
 ParOldGen       total 143872K, used 24396K [0x0000000702c00000, 0x000000070b880000, 0x0000000780f00000)
  object space 143872K, 16% used [0x0000000702c00000,0x00000007043d3320,0x000000070b880000)
 Metaspace       used 38211K, capacity 38652K, committed 39080K, reserved 1083392K
  class space    used 4846K, capacity 4982K, committed 5032K, reserved 1048576K
Event: 12.694 GC heap after
Heap after GC invocations=10 (full 2):
 PSYoungGen      total 212480K, used 9595K [0x0000000780f00000, 0x000000078fc80000, 0x00000007c0000000)
  eden space 202752K, 0% used [0x0000000780f00000,0x0000000780f00000,0x000000078d500000)
  from space 9728K, 98% used [0x000000078f300000,0x000000078fc5edd0,0x000000078fc80000)
  to   space 17408K, 0% used [0x000000078da80000,0x000000078da80000,0x000000078eb80000)
 ParOldGen       total 143872K, used 24404K [0x0000000702c00000, 0x000000070b880000, 0x0000000780f00000)
  object space 143872K, 16% used [0x0000000702c00000,0x00000007043d5320,0x000000070b880000)
 Metaspace       used 38211K, capacity 38652K, committed 39080K, reserved 1083392K
  class space    used 4846K, capacity 4982K, committed 5032K, reserved 1048576K
}
Event: 487.937 GC heap before
{Heap before GC invocations=11 (full 2):
 PSYoungGen      total 212480K, used 212347K [0x0000000780f00000, 0x000000078fc80000, 0x00000007c0000000)
  eden space 202752K, 100% used [0x0000000780f00000,0x000000078d500000,0x000000078d500000)
  from space 9728K, 98% used [0x000000078f300000,0x000000078fc5edd0,0x000000078fc80000)
  to   space 17408K, 0% used [0x000000078da80000,0x000000078da80000,0x000000078eb80000)
 ParOldGen       total 143872K, used 24404K [0x0000000702c00000, 0x000000070b880000, 0x0000000780f00000)
  object space 143872K, 16% used [0x0000000702c00000,0x00000007043d5320,0x000000070b880000)
 Metaspace       used 45197K, capacity 45756K, committed 45992K, reserved 1089536K
  class space    used 5628K, capacity 5746K, committed 5800K, reserved 1048576K
Event: 487.956 GC heap after
Heap after GC invocations=11 (full 2):
 PSYoungGen      total 225792K, used 14516K [0x0000000780f00000, 0x0000000792300000, 0x00000007c0000000)
  eden space 208384K, 0% used [0x0000000780f00000,0x0000000780f00000,0x000000078da80000)
  from space 17408K, 83% used [0x000000078da80000,0x000000078e8ad170,0x000000078eb80000)
  to   space 18432K, 0% used [0x0000000791100000,0x0000000791100000,0x0000000792300000)
 ParOldGen       total 143872K, used 24412K [0x0000000702c00000, 0x000000070b880000, 0x0000000780f00000)
  object space 143872K, 16% used [0x0000000702c00000,0x00000007043d7320,0x000000070b880000)
 Metaspace       used 45197K, capacity 45756K, committed 45992K, reserved 1089536K
  class space    used 5628K, capacity 5746K, committed 5800K, reserved 1048576K
}
Event: 574.399 GC heap before
{Heap before GC invocations=12 (full 2):
 PSYoungGen      total 225792K, used 222900K [0x0000000780f00000, 0x0000000792300000, 0x00000007c0000000)
  eden space 208384K, 100% used [0x0000000780f00000,0x000000078da80000,0x000000078da80000)
  from space 17408K, 83% used [0x000000078da80000,0x000000078e8ad170,0x000000078eb80000)
  to   space 18432K, 0% used [0x0000000791100000,0x0000000791100000,0x0000000792300000)
 ParOldGen       total 143872K, used 24412K [0x0000000702c00000, 0x000000070b880000, 0x0000000780f00000)
  object space 143872K, 16% used [0x0000000702c00000,0x00000007043d7320,0x000000070b880000)
 Metaspace       used 46834K, capacity 47384K, committed 47784K, reserved 1091584K
  class space    used 5631K, capacity 5750K, committed 5800K, reserved 1048576K
Event: 574.416 GC heap after
Heap after GC invocations=12 (full 2):
 PSYoungGen      total 212992K, used 10792K [0x0000000780f00000, 0x0000000791c00000, 0x00000007c0000000)
  eden space 201728K, 0% used [0x0000000780f00000,0x0000000780f00000,0x000000078d400000)
  from space 11264K, 95% used [0x0000000791100000,0x0000000791b8a1f0,0x0000000791c00000)
  to   space 17920K, 0% used [0x000000078f900000,0x000000078f900000,0x0000000790a80000)
 ParOldGen       total 143872K, used 24420K [0x0000000702c00000, 0x000000070b880000, 0x0000000780f00000)
  object space 143872K, 16% used [0x0000000702c00000,0x00000007043d9320,0x000000070b880000)
 Metaspace       used 46834K, capacity 47384K, committed 47784K, reserved 1091584K
  class space    used 5631K, capacity 5750K, committed 5800K, reserved 1048576K
}

